2017/08/31 16:47:26 [TRACE] Log Mode: File (Trace)
2017/08/31 16:47:26 [ INFO] Gogs 0.11.29.0727
2017/08/31 16:47:26 [ INFO] Cache Service Enabled
2017/08/31 16:47:26 [ INFO] Session Service Enabled
2017/08/31 16:47:26 [ INFO] Git Version: 2.11.3
2017/08/31 16:47:26 [ INFO] Git config user.name set to Gogs
2017/08/31 16:47:26 [ INFO] Git config user.email set to gogs@fake.local
2017/08/31 16:47:26 [ INFO] SQLite3 Supported
2017/08/31 16:47:26 [ INFO] Run Mode: Production
2017/08/31 16:47:26 [ INFO] First-time run install finished!
2017/08/31 16:47:26 [TRACE] Doing: CheckRepoStats
2017/08/31 16:47:26 [TRACE] Session ID: 8de41e66d96750d0
2017/08/31 16:47:26 [TRACE] CSRF Token: AArG8P5PlBvSxdnAXy5G1JDtFjA6MTUwNDE5Nzk3ODQyNjE2NTA0OA==
2017/08/31 16:47:26 [TRACE] Template: user/auth/login
2017/08/31 16:48:27 [TRACE] Session ID: 8de41e66d96750d0
2017/08/31 16:48:27 [TRACE] CSRF Token: AArG8P5PlBvSxdnAXy5G1JDtFjA6MTUwNDE5Nzk3ODQyNjE2NTA0OA==
2017/08/31 16:48:27 [TRACE] Template: user/auth/signup
2017/08/31 16:48:47 [TRACE] Session ID: 8de41e66d96750d0
2017/08/31 16:48:47 [TRACE] CSRF Token: AArG8P5PlBvSxdnAXy5G1JDtFjA6MTUwNDE5Nzk3ODQyNjE2NTA0OA==
2017/08/31 16:48:47 [TRACE] Account created: demo
2017/08/31 16:48:47 [TRACE] Session ID: 8de41e66d96750d0
2017/08/31 16:48:47 [TRACE] CSRF Token: AArG8P5PlBvSxdnAXy5G1JDtFjA6MTUwNDE5Nzk3ODQyNjE2NTA0OA==
2017/08/31 16:48:47 [TRACE] Template: user/auth/login
2017/08/31 16:48:51 [TRACE] Session ID: 8de41e66d96750d0
2017/08/31 16:48:51 [TRACE] CSRF Token: AArG8P5PlBvSxdnAXy5G1JDtFjA6MTUwNDE5Nzk3ODQyNjE2NTA0OA==
2017/08/31 16:48:51 [TRACE] Session ID: 8de41e66d96750d0
2017/08/31 16:48:51 [TRACE] CSRF Token: f65St0AxO6WPd9nGc4Tq1_SLq0k6MTUwNDE5ODEzMTA1NzQzMjU4Mg==
2017/08/31 16:48:51 [TRACE] Template: user/dashboard/dashboard
2017/08/31 16:49:02 [TRACE] Session ID: 8de41e66d96750d0
2017/08/31 16:49:02 [TRACE] CSRF Token: f65St0AxO6WPd9nGc4Tq1_SLq0k6MTUwNDE5ODEzMTA1NzQzMjU4Mg==
2017/08/31 16:49:02 [TRACE] Template: user/dashboard/issues
2017/08/31 16:49:04 [TRACE] Session ID: 8de41e66d96750d0
2017/08/31 16:49:04 [TRACE] CSRF Token: f65St0AxO6WPd9nGc4Tq1_SLq0k6MTUwNDE5ODEzMTA1NzQzMjU4Mg==
2017/08/31 16:49:04 [TRACE] Template: user/dashboard/issues
2017/08/31 16:49:05 [TRACE] Session ID: 8de41e66d96750d0
2017/08/31 16:49:05 [TRACE] CSRF Token: f65St0AxO6WPd9nGc4Tq1_SLq0k6MTUwNDE5ODEzMTA1NzQzMjU4Mg==
2017/08/31 16:49:05 [TRACE] Template: user/dashboard/dashboard
2017/08/31 16:49:38 [TRACE] Session ID: 8de41e66d96750d0
2017/08/31 16:49:38 [TRACE] CSRF Token: f65St0AxO6WPd9nGc4Tq1_SLq0k6MTUwNDE5ODEzMTA1NzQzMjU4Mg==
2017/08/31 16:49:38 [TRACE] Template: repo/create
2017/08/31 16:49:48 [TRACE] Session ID: 8de41e66d96750d0
2017/08/31 16:49:48 [TRACE] CSRF Token: f65St0AxO6WPd9nGc4Tq1_SLq0k6MTUwNDE5ODEzMTA1NzQzMjU4Mg==
2017/08/31 16:49:48 [TRACE] Repository created [1]: demo/docker-demo
2017/08/31 16:49:48 [TRACE] Session ID: 8de41e66d96750d0
2017/08/31 16:49:48 [TRACE] CSRF Token: f65St0AxO6WPd9nGc4Tq1_SLq0k6MTUwNDE5ODEzMTA1NzQzMjU4Mg==
2017/08/31 16:49:48 [TRACE] Template: repo/bare
2017/08/31 16:49:51 [TRACE] Session ID: 8de41e66d96750d0
2017/08/31 16:49:51 [TRACE] CSRF Token: f65St0AxO6WPd9nGc4Tq1_SLq0k6MTUwNDE5ODEzMTA1NzQzMjU4Mg==
2017/08/31 16:49:51 [TRACE] Template: repo/settings/options
2017/08/31 16:49:57 [TRACE] Session ID: 8de41e66d96750d0
2017/08/31 16:49:57 [TRACE] CSRF Token: f65St0AxO6WPd9nGc4Tq1_SLq0k6MTUwNDE5ODEzMTA1NzQzMjU4Mg==
2017/08/31 16:49:57 [TRACE] Template: repo/settings/webhook/base
2017/08/31 16:50:09 [TRACE] Session ID: 8de41e66d96750d0
2017/08/31 16:50:09 [TRACE] CSRF Token: f65St0AxO6WPd9nGc4Tq1_SLq0k6MTUwNDE5ODEzMTA1NzQzMjU4Mg==
2017/08/31 16:50:09 [TRACE] Template: repo/settings/webhook/new
2017/08/31 16:52:45 [TRACE] Session ID: 8de41e66d96750d0
2017/08/31 16:52:45 [TRACE] CSRF Token: f65St0AxO6WPd9nGc4Tq1_SLq0k6MTUwNDE5ODEzMTA1NzQzMjU4Mg==
2017/08/31 16:52:45 [TRACE] Session ID: 8de41e66d96750d0
2017/08/31 16:52:45 [TRACE] CSRF Token: f65St0AxO6WPd9nGc4Tq1_SLq0k6MTUwNDE5ODEzMTA1NzQzMjU4Mg==
2017/08/31 16:52:45 [TRACE] Template: repo/settings/webhook/base
2017/08/31 16:52:47 [TRACE] Session ID: 8de41e66d96750d0
2017/08/31 16:52:47 [TRACE] CSRF Token: f65St0AxO6WPd9nGc4Tq1_SLq0k6MTUwNDE5ODEzMTA1NzQzMjU4Mg==
2017/08/31 16:52:47 [TRACE] Template: repo/settings/webhook/new
2017/08/31 16:53:29 [TRACE] Session ID: 8de41e66d96750d0
2017/08/31 16:53:29 [TRACE] CSRF Token: f65St0AxO6WPd9nGc4Tq1_SLq0k6MTUwNDE5ODEzMTA1NzQzMjU4Mg==
2017/08/31 16:53:29 [TRACE] Template: repo/bare
2017/08/31 16:53:37 [TRACE] Session ID: 34866b5f5abdd577
2017/08/31 16:53:37 [TRACE] CSRF Token: ZI6Ig_B8fX0WwFpInvwjMu4cl_Y6MTUwNDE5ODQxNzYyNDgyMDUwNA==
2017/08/31 16:53:59 [TRACE] Session ID: 8de41e66d96750d0
2017/08/31 16:53:59 [TRACE] CSRF Token: f65St0AxO6WPd9nGc4Tq1_SLq0k6MTUwNDE5ODEzMTA1NzQzMjU4Mg==
2017/08/31 16:53:59 [TRACE] Template: repo/settings/options
2017/08/31 16:54:01 [TRACE] Session ID: 8de41e66d96750d0
2017/08/31 16:54:01 [TRACE] CSRF Token: f65St0AxO6WPd9nGc4Tq1_SLq0k6MTUwNDE5ODEzMTA1NzQzMjU4Mg==
2017/08/31 16:54:01 [TRACE] Template: repo/settings/githooks
2017/08/31 16:54:06 [TRACE] Session ID: 8de41e66d96750d0
2017/08/31 16:54:06 [TRACE] CSRF Token: f65St0AxO6WPd9nGc4Tq1_SLq0k6MTUwNDE5ODEzMTA1NzQzMjU4Mg==
2017/08/31 16:54:06 [TRACE] Template: repo/settings/webhook/base
2017/08/31 16:54:08 [TRACE] Session ID: 8de41e66d96750d0
2017/08/31 16:54:08 [TRACE] CSRF Token: f65St0AxO6WPd9nGc4Tq1_SLq0k6MTUwNDE5ODEzMTA1NzQzMjU4Mg==
2017/08/31 16:54:08 [TRACE] Template: repo/settings/webhook/new
2017/08/31 16:54:10 [TRACE] Session ID: 8de41e66d96750d0
2017/08/31 16:54:10 [TRACE] CSRF Token: f65St0AxO6WPd9nGc4Tq1_SLq0k6MTUwNDE5ODEzMTA1NzQzMjU4Mg==
2017/08/31 16:54:15 [TRACE] Session ID: 8de41e66d96750d0
2017/08/31 16:54:15 [TRACE] CSRF Token: f65St0AxO6WPd9nGc4Tq1_SLq0k6MTUwNDE5ODEzMTA1NzQzMjU4Mg==
2017/08/31 16:54:15 [TRACE] Template: repo/settings/webhook/new
2017/08/31 16:54:26 [TRACE] Session ID: 8de41e66d96750d0
2017/08/31 16:54:26 [TRACE] CSRF Token: f65St0AxO6WPd9nGc4Tq1_SLq0k6MTUwNDE5ODEzMTA1NzQzMjU4Mg==
2017/08/31 16:54:31 [TRACE] Session ID: 8de41e66d96750d0
2017/08/31 16:54:31 [TRACE] CSRF Token: f65St0AxO6WPd9nGc4Tq1_SLq0k6MTUwNDE5ODEzMTA1NzQzMjU4Mg==
2017/08/31 16:54:31 [TRACE] Template: repo/settings/webhook/new
2017/08/31 16:54:57 [TRACE] Session ID: 8de41e66d96750d0
2017/08/31 16:54:57 [TRACE] CSRF Token: f65St0AxO6WPd9nGc4Tq1_SLq0k6MTUwNDE5ODEzMTA1NzQzMjU4Mg==
2017/08/31 16:55:02 [TRACE] Session ID: 8de41e66d96750d0
2017/08/31 16:55:02 [TRACE] CSRF Token: f65St0AxO6WPd9nGc4Tq1_SLq0k6MTUwNDE5ODEzMTA1NzQzMjU4Mg==
2017/08/31 16:55:02 [TRACE] Template: repo/settings/webhook/new
2017/08/31 16:55:17 [TRACE] Session ID: 8de41e66d96750d0
2017/08/31 16:55:17 [TRACE] CSRF Token: f65St0AxO6WPd9nGc4Tq1_SLq0k6MTUwNDE5ODEzMTA1NzQzMjU4Mg==
2017/08/31 16:55:17 [TRACE] Session ID: 8de41e66d96750d0
2017/08/31 16:55:17 [TRACE] CSRF Token: f65St0AxO6WPd9nGc4Tq1_SLq0k6MTUwNDE5ODEzMTA1NzQzMjU4Mg==
2017/08/31 16:55:17 [TRACE] Template: repo/settings/webhook/new
2017/08/31 16:55:19 [TRACE] Session ID: 8de41e66d96750d0
2017/08/31 16:55:19 [TRACE] CSRF Token: f65St0AxO6WPd9nGc4Tq1_SLq0k6MTUwNDE5ODEzMTA1NzQzMjU4Mg==
2017/08/31 16:55:24 [TRACE] Session ID: 8de41e66d96750d0
2017/08/31 16:55:24 [TRACE] CSRF Token: f65St0AxO6WPd9nGc4Tq1_SLq0k6MTUwNDE5ODEzMTA1NzQzMjU4Mg==
2017/08/31 16:55:24 [TRACE] Template: repo/settings/webhook/new
2017/08/31 16:55:31 [TRACE] Session ID: 8de41e66d96750d0
2017/08/31 16:55:31 [TRACE] CSRF Token: f65St0AxO6WPd9nGc4Tq1_SLq0k6MTUwNDE5ODEzMTA1NzQzMjU4Mg==
2017/08/31 16:55:36 [TRACE] Session ID: 8de41e66d96750d0
2017/08/31 16:55:36 [TRACE] CSRF Token: f65St0AxO6WPd9nGc4Tq1_SLq0k6MTUwNDE5ODEzMTA1NzQzMjU4Mg==
2017/08/31 16:55:36 [TRACE] Template: repo/settings/webhook/new
2017/08/31 16:56:01 [TRACE] Session ID: 8de41e66d96750d0
2017/08/31 16:56:01 [TRACE] CSRF Token: f65St0AxO6WPd9nGc4Tq1_SLq0k6MTUwNDE5ODEzMTA1NzQzMjU4Mg==
2017/08/31 16:56:01 [TRACE] Session ID: 8de41e66d96750d0
2017/08/31 16:56:01 [TRACE] CSRF Token: f65St0AxO6WPd9nGc4Tq1_SLq0k6MTUwNDE5ODEzMTA1NzQzMjU4Mg==
2017/08/31 16:56:01 [TRACE] Template: repo/settings/webhook/new
2017/08/31 16:56:04 [TRACE] Session ID: 8de41e66d96750d0
2017/08/31 16:56:04 [TRACE] CSRF Token: f65St0AxO6WPd9nGc4Tq1_SLq0k6MTUwNDE5ODEzMTA1NzQzMjU4Mg==
2017/08/31 16:56:09 [TRACE] Session ID: 8de41e66d96750d0
2017/08/31 16:56:09 [TRACE] CSRF Token: f65St0AxO6WPd9nGc4Tq1_SLq0k6MTUwNDE5ODEzMTA1NzQzMjU4Mg==
2017/08/31 16:56:09 [TRACE] Template: repo/settings/webhook/new
2017/08/31 16:56:26 [TRACE] Session ID: 8de41e66d96750d0
2017/08/31 16:56:26 [TRACE] CSRF Token: f65St0AxO6WPd9nGc4Tq1_SLq0k6MTUwNDE5ODEzMTA1NzQzMjU4Mg==
2017/08/31 16:56:26 [TRACE] Template: repo/bare
2017/08/31 16:56:55 [TRACE] Session ID: 3cde3de81480e3c1
2017/08/31 16:56:55 [TRACE] CSRF Token: ISKoO2kTCadgIUOM9bFHgLY2fPI6MTUwNDE5ODYxNTc1ODc5NTM5OA==
2017/08/31 16:56:55 [TRACE] Session ID: 5384557b394dd444
2017/08/31 16:56:55 [TRACE] CSRF Token: 0qPqIqXffwHwC8kOvPBbaE6N2M06MTUwNDE5ODYxNTg1NTQ0ODczMA==
2017/08/31 16:56:59 [TRACE] Session ID: d8ac5548160c186b
2017/08/31 16:56:59 [TRACE] CSRF Token: Ddx74LHWopVvUFRMc38YeTOGsLA6MTUwNDE5ODYxOTU2NzUwMTI2Ng==
2017/08/31 16:56:59 [TRACE] Session ID: 8f47ad1954b361e9
2017/08/31 16:56:59 [TRACE] CSRF Token: HfabjjuvYzgB_40y0CllJIBsEKA6MTUwNDE5ODYxOTU3Mzk5NDk5OA==
2017/08/31 16:56:59 [TRACE] HTTPGit - Authenticated user: demo
2017/08/31 16:56:59 [TRACE] Session ID: 550ffb95b5517c7c
2017/08/31 16:56:59 [TRACE] CSRF Token: sxOFRh3gMGSLaZAN6Kc1aqGHeBI6MTUwNDE5ODYxOTc3OTk2NTE5MQ==
2017/08/31 16:56:59 [TRACE] HTTPGit - Authenticated user: demo
2017/08/31 16:57:00 [TRACE] Session ID: ad549789017bc6c1
2017/08/31 16:57:00 [TRACE] CSRF Token: s_vNCf6_gl88xWYlUCHWoCb1p9o6MTUwNDE5ODYyMDE4MTk3NDQ5MQ==
2017/08/31 16:57:00 [TRACE] TriggerTask 'docker-demo/master' by 'demo'
2017/08/31 16:57:00 [TRACE] AddTestPullRequestTask [head_repo_id: 1, head_branch: master]: finding pull requests
2017/08/31 16:57:00 [TRACE] AddTestPullRequestTask [base_repo_id: 1, base_branch: master]: finding pull requests
2017/08/31 16:57:00 [TRACE] DeliverHooks [repo_id: 1]
2017/08/31 16:57:00 [TRACE] Hook delivery failed: ce789760-ff63-4259-9c2a-e47f32ec9df0
2017/08/31 16:57:02 [TRACE] Session ID: 6630d8b2c16607c7
2017/08/31 16:57:02 [TRACE] CSRF Token: EqTJcdXyXMEzU8dc8Ku9-6Jnyhw6MTUwNDE5ODYyMjY1NzA0MzA3MQ==
2017/08/31 16:57:02 [TRACE] Session ID: 41bcc6437f491fe1
2017/08/31 16:57:02 [TRACE] CSRF Token: hESfJPcigastBttk2JWQ92L3Q6A6MTUwNDE5ODYyMjY4MTU0MDU1NQ==
2017/08/31 16:57:02 [TRACE] Session ID: 0542195c15db0771
2017/08/31 16:57:02 [TRACE] CSRF Token: qLd46-UDT1dRXJCSSuHfQEKYTvw6MTUwNDE5ODYyMjczMzU5ODE5Ng==
2017/08/31 16:57:02 [TRACE] Session ID: a4ca64c33388c245
2017/08/31 16:57:02 [TRACE] CSRF Token: dFWV3TV1U5nLUsYgJt9scBHCiSQ6MTUwNDE5ODYyMjc0MzQ3MDM0OA==
2017/08/31 16:57:02 [TRACE] HTTPGit - Authenticated user: demo
2017/08/31 16:57:03 [TRACE] Session ID: fc520529b4d29b0e
2017/08/31 16:57:03 [TRACE] CSRF Token: 0QP3V4S2VigiYOTcJafOvuoZgBg6MTUwNDE5ODYyMzI4MjI5MjQzNg==
2017/08/31 16:57:03 [TRACE] TriggerTask 'docker-demo/demo' by 'demo'
2017/08/31 16:57:03 [TRACE] DeliverHooks [repo_id: 1]
2017/08/31 16:57:03 [TRACE] AddTestPullRequestTask [head_repo_id: 1, head_branch: demo]: finding pull requests
2017/08/31 16:57:03 [TRACE] AddTestPullRequestTask [base_repo_id: 1, base_branch: demo]: finding pull requests
2017/08/31 16:57:03 [TRACE] Hook delivery failed: acdd367f-7479-47c6-9564-056a1b4861e6
2017/08/31 16:57:05 [TRACE] Session ID: 8de41e66d96750d0
2017/08/31 16:57:05 [TRACE] CSRF Token: f65St0AxO6WPd9nGc4Tq1_SLq0k6MTUwNDE5ODEzMTA1NzQzMjU4Mg==
2017/08/31 16:57:05 [TRACE] Template: repo/home
2017/08/31 16:57:13 [TRACE] Session ID: 8de41e66d96750d0
2017/08/31 16:57:13 [TRACE] CSRF Token: f65St0AxO6WPd9nGc4Tq1_SLq0k6MTUwNDE5ODEzMTA1NzQzMjU4Mg==
2017/08/31 16:57:13 [TRACE] Template: repo/settings/options
2017/08/31 16:57:16 [TRACE] Session ID: 8de41e66d96750d0
2017/08/31 16:57:16 [TRACE] CSRF Token: f65St0AxO6WPd9nGc4Tq1_SLq0k6MTUwNDE5ODEzMTA1NzQzMjU4Mg==
2017/08/31 16:57:16 [TRACE] Template: repo/settings/githooks
2017/08/31 16:57:17 [TRACE] Session ID: 8de41e66d96750d0
2017/08/31 16:57:17 [TRACE] CSRF Token: f65St0AxO6WPd9nGc4Tq1_SLq0k6MTUwNDE5ODEzMTA1NzQzMjU4Mg==
2017/08/31 16:57:17 [TRACE] Template: repo/settings/deploy_keys
2017/08/31 16:57:18 [TRACE] Session ID: 8de41e66d96750d0
2017/08/31 16:57:18 [TRACE] CSRF Token: f65St0AxO6WPd9nGc4Tq1_SLq0k6MTUwNDE5ODEzMTA1NzQzMjU4Mg==
2017/08/31 16:57:18 [TRACE] Template: repo/settings/webhook/base
2017/08/31 16:57:20 [TRACE] Session ID: 8de41e66d96750d0
2017/08/31 16:57:20 [TRACE] CSRF Token: f65St0AxO6WPd9nGc4Tq1_SLq0k6MTUwNDE5ODEzMTA1NzQzMjU4Mg==
2017/08/31 16:57:20 [TRACE] Template: repo/settings/webhook/new
2017/08/31 16:57:24 [TRACE] Session ID: 8de41e66d96750d0
2017/08/31 16:57:24 [TRACE] CSRF Token: f65St0AxO6WPd9nGc4Tq1_SLq0k6MTUwNDE5ODEzMTA1NzQzMjU4Mg==
2017/08/31 16:57:24 [TRACE] DeliverHooks [repo_id: 1]
2017/08/31 16:57:24 [TRACE] Hook delivery failed: 7d8aac17-620e-498b-bfbb-6ee0ea812783
2017/08/31 16:57:26 [TRACE] Doing: MirrorUpdate
2017/08/31 16:57:29 [TRACE] Session ID: 8de41e66d96750d0
2017/08/31 16:57:29 [TRACE] CSRF Token: f65St0AxO6WPd9nGc4Tq1_SLq0k6MTUwNDE5ODEzMTA1NzQzMjU4Mg==
2017/08/31 16:57:29 [TRACE] Template: repo/settings/webhook/new
2017/08/31 16:57:46 [TRACE] Session ID: 8de41e66d96750d0
2017/08/31 16:57:46 [TRACE] CSRF Token: f65St0AxO6WPd9nGc4Tq1_SLq0k6MTUwNDE5ODEzMTA1NzQzMjU4Mg==
2017/08/31 16:57:47 [TRACE] Session ID: 8de41e66d96750d0
2017/08/31 16:57:47 [TRACE] CSRF Token: f65St0AxO6WPd9nGc4Tq1_SLq0k6MTUwNDE5ODEzMTA1NzQzMjU4Mg==
2017/08/31 16:57:47 [TRACE] Template: repo/settings/webhook/new
2017/08/31 16:57:50 [TRACE] Session ID: 8de41e66d96750d0
2017/08/31 16:57:50 [TRACE] CSRF Token: f65St0AxO6WPd9nGc4Tq1_SLq0k6MTUwNDE5ODEzMTA1NzQzMjU4Mg==
2017/08/31 16:57:50 [TRACE] DeliverHooks [repo_id: 1]
2017/08/31 16:57:50 [TRACE] Hook delivery failed: 8675a69e-65af-49d6-9587-b74681fd2b5b
2017/08/31 16:57:54 [TRACE] Session ID: 8de41e66d96750d0
2017/08/31 16:57:54 [TRACE] CSRF Token: f65St0AxO6WPd9nGc4Tq1_SLq0k6MTUwNDE5ODEzMTA1NzQzMjU4Mg==
2017/08/31 16:57:55 [TRACE] Template: repo/settings/webhook/new
2017/08/31 16:58:09 [TRACE] Session ID: 8de41e66d96750d0
2017/08/31 16:58:09 [TRACE] CSRF Token: f65St0AxO6WPd9nGc4Tq1_SLq0k6MTUwNDE5ODEzMTA1NzQzMjU4Mg==
2017/08/31 16:58:10 [TRACE] Session ID: 8de41e66d96750d0
2017/08/31 16:58:10 [TRACE] CSRF Token: f65St0AxO6WPd9nGc4Tq1_SLq0k6MTUwNDE5ODEzMTA1NzQzMjU4Mg==
2017/08/31 16:58:10 [TRACE] Template: repo/settings/webhook/new
2017/08/31 16:58:13 [TRACE] Session ID: 8de41e66d96750d0
2017/08/31 16:58:13 [TRACE] CSRF Token: f65St0AxO6WPd9nGc4Tq1_SLq0k6MTUwNDE5ODEzMTA1NzQzMjU4Mg==
2017/08/31 16:58:13 [TRACE] DeliverHooks [repo_id: 1]
2017/08/31 16:58:14 [TRACE] Hook delivery failed: d20f7c13-d177-4bba-8cad-acf9f36206ab
2017/08/31 16:58:18 [TRACE] Session ID: 8de41e66d96750d0
2017/08/31 16:58:18 [TRACE] CSRF Token: f65St0AxO6WPd9nGc4Tq1_SLq0k6MTUwNDE5ODEzMTA1NzQzMjU4Mg==
2017/08/31 16:58:18 [TRACE] Template: repo/settings/webhook/new
2017/08/31 16:58:44 [TRACE] Session ID: 8de41e66d96750d0
2017/08/31 16:58:44 [TRACE] CSRF Token: f65St0AxO6WPd9nGc4Tq1_SLq0k6MTUwNDE5ODEzMTA1NzQzMjU4Mg==
2017/08/31 16:58:44 [TRACE] Session ID: 8de41e66d96750d0
2017/08/31 16:58:44 [TRACE] CSRF Token: f65St0AxO6WPd9nGc4Tq1_SLq0k6MTUwNDE5ODEzMTA1NzQzMjU4Mg==
2017/08/31 16:58:44 [TRACE] Template: repo/settings/webhook/new
2017/08/31 16:58:51 [TRACE] Session ID: 8de41e66d96750d0
2017/08/31 16:58:51 [TRACE] CSRF Token: f65St0AxO6WPd9nGc4Tq1_SLq0k6MTUwNDE5ODEzMTA1NzQzMjU4Mg==
2017/08/31 16:58:51 [TRACE] Session ID: 8de41e66d96750d0
2017/08/31 16:58:51 [TRACE] CSRF Token: f65St0AxO6WPd9nGc4Tq1_SLq0k6MTUwNDE5ODEzMTA1NzQzMjU4Mg==
2017/08/31 16:58:51 [TRACE] Template: repo/settings/webhook/new
2017/08/31 16:59:00 [TRACE] Session ID: 8de41e66d96750d0
2017/08/31 16:59:00 [TRACE] CSRF Token: f65St0AxO6WPd9nGc4Tq1_SLq0k6MTUwNDE5ODEzMTA1NzQzMjU4Mg==
2017/08/31 16:59:00 [TRACE] DeliverHooks [repo_id: 1]
2017/08/31 16:59:00 [TRACE] Hook delivery failed: 5517de74-d027-46bb-8204-62b0504e9d88
2017/08/31 16:59:05 [TRACE] Session ID: 8de41e66d96750d0
2017/08/31 16:59:05 [TRACE] CSRF Token: f65St0AxO6WPd9nGc4Tq1_SLq0k6MTUwNDE5ODEzMTA1NzQzMjU4Mg==
2017/08/31 16:59:05 [TRACE] Template: repo/settings/webhook/new
2017/08/31 17:07:26 [TRACE] Doing: MirrorUpdate
2017/08/31 17:09:51 [TRACE] Session ID: 8de41e66d96750d0
2017/08/31 17:09:51 [TRACE] CSRF Token: f65St0AxO6WPd9nGc4Tq1_SLq0k6MTUwNDE5ODEzMTA1NzQzMjU4Mg==
2017/08/31 17:09:51 [TRACE] Session ID: 8de41e66d96750d0
2017/08/31 17:09:51 [TRACE] CSRF Token: f65St0AxO6WPd9nGc4Tq1_SLq0k6MTUwNDE5ODEzMTA1NzQzMjU4Mg==
2017/08/31 17:09:51 [TRACE] Template: repo/settings/webhook/new
2017/08/31 17:09:57 [TRACE] Session ID: 8de41e66d96750d0
2017/08/31 17:09:57 [TRACE] CSRF Token: f65St0AxO6WPd9nGc4Tq1_SLq0k6MTUwNDE5ODEzMTA1NzQzMjU4Mg==
2017/08/31 17:09:57 [TRACE] DeliverHooks [repo_id: 1]
2017/08/31 17:09:57 [TRACE] Hook delivery failed: 91574fef-c5fc-44b3-9cac-51162264859c
2017/08/31 17:10:02 [TRACE] Session ID: 8de41e66d96750d0
2017/08/31 17:10:02 [TRACE] CSRF Token: f65St0AxO6WPd9nGc4Tq1_SLq0k6MTUwNDE5ODEzMTA1NzQzMjU4Mg==
2017/08/31 17:10:02 [TRACE] Template: repo/settings/webhook/new
2017/08/31 17:12:04 [TRACE] Session ID: 9822b7fca0ec299b
2017/08/31 17:12:04 [TRACE] CSRF Token: CZnVZpXbafOMa0KB2aIxMeXUujQ6MTUwNDE5OTUyNDA3ODk2MzM1OA==
2017/08/31 17:15:37 [TRACE] Session ID: 8de41e66d96750d0
2017/08/31 17:15:37 [TRACE] CSRF Token: f65St0AxO6WPd9nGc4Tq1_SLq0k6MTUwNDE5ODEzMTA1NzQzMjU4Mg==
2017/08/31 17:15:37 [TRACE] Session ID: 8de41e66d96750d0
2017/08/31 17:15:37 [TRACE] CSRF Token: f65St0AxO6WPd9nGc4Tq1_SLq0k6MTUwNDE5ODEzMTA1NzQzMjU4Mg==
2017/08/31 17:15:38 [TRACE] Template: repo/settings/webhook/new
2017/08/31 17:15:39 [TRACE] Session ID: 8de41e66d96750d0
2017/08/31 17:15:39 [TRACE] CSRF Token: f65St0AxO6WPd9nGc4Tq1_SLq0k6MTUwNDE5ODEzMTA1NzQzMjU4Mg==
2017/08/31 17:15:39 [TRACE] DeliverHooks [repo_id: 1]
2017/08/31 17:15:39 [TRACE] Hook delivery failed: e5dafc24-0cf3-4531-9b8c-4e06ba74eb27
2017/08/31 17:15:44 [TRACE] Session ID: 8de41e66d96750d0
2017/08/31 17:15:44 [TRACE] CSRF Token: f65St0AxO6WPd9nGc4Tq1_SLq0k6MTUwNDE5ODEzMTA1NzQzMjU4Mg==
2017/08/31 17:15:44 [TRACE] Template: repo/settings/webhook/new
2017/08/31 17:15:57 [TRACE] Session ID: 8de41e66d96750d0
2017/08/31 17:15:57 [TRACE] CSRF Token: f65St0AxO6WPd9nGc4Tq1_SLq0k6MTUwNDE5ODEzMTA1NzQzMjU4Mg==
2017/08/31 17:15:58 [TRACE] Session ID: 8de41e66d96750d0
2017/08/31 17:15:58 [TRACE] CSRF Token: f65St0AxO6WPd9nGc4Tq1_SLq0k6MTUwNDE5ODEzMTA1NzQzMjU4Mg==
2017/08/31 17:15:58 [TRACE] Template: repo/settings/webhook/new
2017/08/31 17:15:59 [TRACE] Session ID: 8de41e66d96750d0
2017/08/31 17:15:59 [TRACE] CSRF Token: f65St0AxO6WPd9nGc4Tq1_SLq0k6MTUwNDE5ODEzMTA1NzQzMjU4Mg==
2017/08/31 17:15:59 [TRACE] DeliverHooks [repo_id: 1]
2017/08/31 17:15:59 [TRACE] Hook delivery failed: 4d7ce633-991a-419a-af7d-e3273e34a1ae
2017/08/31 17:16:04 [TRACE] Session ID: 8de41e66d96750d0
2017/08/31 17:16:04 [TRACE] CSRF Token: f65St0AxO6WPd9nGc4Tq1_SLq0k6MTUwNDE5ODEzMTA1NzQzMjU4Mg==
2017/08/31 17:16:04 [TRACE] Template: repo/settings/webhook/new
2017/08/31 17:17:26 [TRACE] Doing: MirrorUpdate
2017/08/31 17:21:49 [TRACE] Session ID: 8de41e66d96750d0
2017/08/31 17:21:49 [TRACE] CSRF Token: f65St0AxO6WPd9nGc4Tq1_SLq0k6MTUwNDE5ODEzMTA1NzQzMjU4Mg==
2017/08/31 17:21:49 [TRACE] Session ID: 8de41e66d96750d0
2017/08/31 17:21:49 [TRACE] CSRF Token: f65St0AxO6WPd9nGc4Tq1_SLq0k6MTUwNDE5ODEzMTA1NzQzMjU4Mg==
2017/08/31 17:21:49 [TRACE] Template: repo/settings/webhook/new
2017/08/31 17:21:53 [TRACE] Session ID: 8de41e66d96750d0
2017/08/31 17:21:53 [TRACE] CSRF Token: f65St0AxO6WPd9nGc4Tq1_SLq0k6MTUwNDE5ODEzMTA1NzQzMjU4Mg==
2017/08/31 17:21:53 [TRACE] DeliverHooks [repo_id: 1]
2017/08/31 17:21:53 [TRACE] Hook delivery failed: 16e0a2df-b0d5-44e2-962d-e7fca195b11f
2017/08/31 17:21:58 [TRACE] Session ID: 8de41e66d96750d0
2017/08/31 17:21:58 [TRACE] CSRF Token: f65St0AxO6WPd9nGc4Tq1_SLq0k6MTUwNDE5ODEzMTA1NzQzMjU4Mg==
2017/08/31 17:21:58 [TRACE] Template: repo/settings/webhook/new
2017/08/31 17:27:26 [TRACE] Doing: MirrorUpdate
2017/08/31 17:34:07 [TRACE] Session ID: 8de41e66d96750d0
2017/08/31 17:34:07 [TRACE] CSRF Token: f65St0AxO6WPd9nGc4Tq1_SLq0k6MTUwNDE5ODEzMTA1NzQzMjU4Mg==
2017/08/31 17:34:07 [TRACE] Session ID: 8de41e66d96750d0
2017/08/31 17:34:07 [TRACE] CSRF Token: f65St0AxO6WPd9nGc4Tq1_SLq0k6MTUwNDE5ODEzMTA1NzQzMjU4Mg==
2017/08/31 17:34:07 [TRACE] Template: repo/settings/webhook/new
2017/08/31 17:34:09 [TRACE] Session ID: 8de41e66d96750d0
2017/08/31 17:34:09 [TRACE] CSRF Token: f65St0AxO6WPd9nGc4Tq1_SLq0k6MTUwNDE5ODEzMTA1NzQzMjU4Mg==
2017/08/31 17:34:09 [TRACE] DeliverHooks [repo_id: 1]
2017/08/31 17:34:09 [TRACE] Hook delivery failed: 0e58da19-72be-46aa-8a15-d6944b6f30b7
2017/08/31 17:34:14 [TRACE] Session ID: 8de41e66d96750d0
2017/08/31 17:34:14 [TRACE] CSRF Token: f65St0AxO6WPd9nGc4Tq1_SLq0k6MTUwNDE5ODEzMTA1NzQzMjU4Mg==
2017/08/31 17:34:14 [TRACE] Template: repo/settings/webhook/new
2017/08/31 17:37:26 [TRACE] Doing: MirrorUpdate
2017/08/31 17:44:53 [TRACE] Session ID: 8de41e66d96750d0
2017/08/31 17:44:53 [TRACE] CSRF Token: f65St0AxO6WPd9nGc4Tq1_SLq0k6MTUwNDE5ODEzMTA1NzQzMjU4Mg==
2017/08/31 17:44:53 [TRACE] Template: repo/settings/githooks
2017/08/31 17:45:02 [TRACE] Session ID: 8de41e66d96750d0
2017/08/31 17:45:02 [TRACE] CSRF Token: f65St0AxO6WPd9nGc4Tq1_SLq0k6MTUwNDE5ODEzMTA1NzQzMjU4Mg==
2017/08/31 17:45:02 [TRACE] Template: repo/settings/githook_edit
2017/08/31 17:45:05 [TRACE] Session ID: 8de41e66d96750d0
2017/08/31 17:45:05 [TRACE] CSRF Token: f65St0AxO6WPd9nGc4Tq1_SLq0k6MTUwNDE5ODEzMTA1NzQzMjU4Mg==
2017/08/31 17:45:05 [TRACE] Template: repo/settings/webhook/base
2017/08/31 17:45:09 [TRACE] Session ID: 8de41e66d96750d0
2017/08/31 17:45:09 [TRACE] CSRF Token: f65St0AxO6WPd9nGc4Tq1_SLq0k6MTUwNDE5ODEzMTA1NzQzMjU4Mg==
2017/08/31 17:45:09 [TRACE] Template: repo/settings/webhook/new
2017/08/31 17:45:16 [TRACE] Session ID: 8de41e66d96750d0
2017/08/31 17:45:16 [TRACE] CSRF Token: f65St0AxO6WPd9nGc4Tq1_SLq0k6MTUwNDE5ODEzMTA1NzQzMjU4Mg==
2017/08/31 17:45:16 [TRACE] Session ID: 8de41e66d96750d0
2017/08/31 17:45:16 [TRACE] CSRF Token: f65St0AxO6WPd9nGc4Tq1_SLq0k6MTUwNDE5ODEzMTA1NzQzMjU4Mg==
2017/08/31 17:45:16 [TRACE] Template: repo/settings/webhook/new
2017/08/31 17:45:26 [TRACE] Session ID: 8de41e66d96750d0
2017/08/31 17:45:26 [TRACE] CSRF Token: f65St0AxO6WPd9nGc4Tq1_SLq0k6MTUwNDE5ODEzMTA1NzQzMjU4Mg==
2017/08/31 17:45:27 [TRACE] Session ID: 8de41e66d96750d0
2017/08/31 17:45:27 [TRACE] CSRF Token: f65St0AxO6WPd9nGc4Tq1_SLq0k6MTUwNDE5ODEzMTA1NzQzMjU4Mg==
2017/08/31 17:45:27 [TRACE] Template: repo/settings/webhook/new
2017/08/31 17:46:02 [TRACE] Session ID: 8de41e66d96750d0
2017/08/31 17:46:02 [TRACE] CSRF Token: f65St0AxO6WPd9nGc4Tq1_SLq0k6MTUwNDE5ODEzMTA1NzQzMjU4Mg==
2017/08/31 17:46:02 [TRACE] Session ID: 8de41e66d96750d0
2017/08/31 17:46:02 [TRACE] CSRF Token: f65St0AxO6WPd9nGc4Tq1_SLq0k6MTUwNDE5ODEzMTA1NzQzMjU4Mg==
2017/08/31 17:46:02 [TRACE] Template: repo/settings/webhook/new
2017/08/31 17:46:03 [TRACE] Session ID: 8de41e66d96750d0
2017/08/31 17:46:03 [TRACE] CSRF Token: f65St0AxO6WPd9nGc4Tq1_SLq0k6MTUwNDE5ODEzMTA1NzQzMjU4Mg==
2017/08/31 17:46:03 [TRACE] DeliverHooks [repo_id: 1]
2017/08/31 17:46:03 [TRACE] Hook delivery failed: a946474b-0e5b-41cb-ac8b-c4a03758c5c7
2017/08/31 17:46:08 [TRACE] Session ID: 8de41e66d96750d0
2017/08/31 17:46:08 [TRACE] CSRF Token: f65St0AxO6WPd9nGc4Tq1_SLq0k6MTUwNDE5ODEzMTA1NzQzMjU4Mg==
2017/08/31 17:46:08 [TRACE] Template: repo/settings/webhook/new
2017/08/31 17:47:26 [TRACE] Doing: MirrorUpdate
2017/08/31 17:52:05 [TRACE] Session ID: 8de41e66d96750d0
2017/08/31 17:52:05 [TRACE] CSRF Token: f65St0AxO6WPd9nGc4Tq1_SLq0k6MTUwNDE5ODEzMTA1NzQzMjU4Mg==
2017/08/31 17:52:05 [TRACE] Session ID: 8de41e66d96750d0
2017/08/31 17:52:05 [TRACE] CSRF Token: f65St0AxO6WPd9nGc4Tq1_SLq0k6MTUwNDE5ODEzMTA1NzQzMjU4Mg==
2017/08/31 17:52:05 [TRACE] Template: repo/settings/webhook/new
2017/08/31 17:52:10 [TRACE] Session ID: 8de41e66d96750d0
2017/08/31 17:52:10 [TRACE] CSRF Token: f65St0AxO6WPd9nGc4Tq1_SLq0k6MTUwNDE5ODEzMTA1NzQzMjU4Mg==
2017/08/31 17:52:10 [TRACE] DeliverHooks [repo_id: 1]
2017/08/31 17:52:10 [TRACE] Hook delivery failed: 432b8606-1f44-41e6-b67b-6ea323bd188e
2017/08/31 17:52:24 [TRACE] Session ID: 8de41e66d96750d0
2017/08/31 17:52:24 [TRACE] CSRF Token: f65St0AxO6WPd9nGc4Tq1_SLq0k6MTUwNDE5ODEzMTA1NzQzMjU4Mg==
2017/08/31 17:52:24 [TRACE] Template: repo/settings/webhook/new
2017/08/31 17:53:15 [TRACE] Session ID: 8de41e66d96750d0
2017/08/31 17:53:15 [TRACE] CSRF Token: f65St0AxO6WPd9nGc4Tq1_SLq0k6MTUwNDE5ODEzMTA1NzQzMjU4Mg==
2017/08/31 17:53:15 [TRACE] Session ID: 8de41e66d96750d0
2017/08/31 17:53:15 [TRACE] CSRF Token: f65St0AxO6WPd9nGc4Tq1_SLq0k6MTUwNDE5ODEzMTA1NzQzMjU4Mg==
2017/08/31 17:53:15 [TRACE] Template: repo/settings/webhook/new
2017/08/31 17:53:18 [TRACE] Session ID: 8de41e66d96750d0
2017/08/31 17:53:18 [TRACE] CSRF Token: f65St0AxO6WPd9nGc4Tq1_SLq0k6MTUwNDE5ODEzMTA1NzQzMjU4Mg==
2017/08/31 17:53:18 [TRACE] DeliverHooks [repo_id: 1]
2017/08/31 17:53:18 [TRACE] Hook delivery failed: 9a45d1b2-c01a-4fc0-8736-d87485047112
2017/08/31 17:53:23 [TRACE] Session ID: 8de41e66d96750d0
2017/08/31 17:53:23 [TRACE] CSRF Token: f65St0AxO6WPd9nGc4Tq1_SLq0k6MTUwNDE5ODEzMTA1NzQzMjU4Mg==
2017/08/31 17:53:23 [TRACE] Template: repo/settings/webhook/new
2017/08/31 17:56:03 [TRACE] Session ID: 8de41e66d96750d0
2017/08/31 17:56:03 [TRACE] CSRF Token: f65St0AxO6WPd9nGc4Tq1_SLq0k6MTUwNDE5ODEzMTA1NzQzMjU4Mg==
2017/08/31 17:56:03 [TRACE] Session ID: 8de41e66d96750d0
2017/08/31 17:56:03 [TRACE] CSRF Token: f65St0AxO6WPd9nGc4Tq1_SLq0k6MTUwNDE5ODEzMTA1NzQzMjU4Mg==
2017/08/31 17:56:03 [TRACE] Template: repo/settings/webhook/new
2017/08/31 17:56:05 [TRACE] Session ID: 8de41e66d96750d0
2017/08/31 17:56:05 [TRACE] CSRF Token: f65St0AxO6WPd9nGc4Tq1_SLq0k6MTUwNDE5ODEzMTA1NzQzMjU4Mg==
2017/08/31 17:56:05 [TRACE] DeliverHooks [repo_id: 1]
2017/08/31 17:56:05 [TRACE] Hook delivered: 5eb9b1a9-beeb-4814-bb2c-7e4fa5d49aed
2017/08/31 17:56:09 [TRACE] Session ID: 8de41e66d96750d0
2017/08/31 17:56:09 [TRACE] CSRF Token: f65St0AxO6WPd9nGc4Tq1_SLq0k6MTUwNDE5ODEzMTA1NzQzMjU4Mg==
2017/08/31 17:56:10 [TRACE] Template: repo/settings/webhook/new
2017/08/31 17:56:10 [TRACE] Session ID: f554a4c9b5920f32
2017/08/31 17:56:10 [TRACE] CSRF Token: tB9sUEIsB3HRFnyV6qCWiD9C_oU6MTUwNDIwMjE3MDgxMjE2MDg2MA==
2017/08/31 17:56:10 [TRACE] Session ID: c454c1f3cbbecce9
2017/08/31 17:56:10 [TRACE] CSRF Token: bDo32CsDXlD79skbabSs1RfrV-A6MTUwNDIwMjE3MDg1NzA5MDIzNw==
2017/08/31 17:56:11 [TRACE] Session ID: 6974c1a5f9d5a073
2017/08/31 17:56:11 [TRACE] CSRF Token: QCQfQ0xROrzqbjDfTEOGEg6oK106MTUwNDIwMjE3MTEyNTExMjIzNQ==
2017/08/31 17:56:36 [TRACE] Session ID: 8de41e66d96750d0
2017/08/31 17:56:36 [TRACE] CSRF Token: f65St0AxO6WPd9nGc4Tq1_SLq0k6MTUwNDE5ODEzMTA1NzQzMjU4Mg==
2017/08/31 17:56:36 [TRACE] Session ID: 8de41e66d96750d0
2017/08/31 17:56:36 [TRACE] CSRF Token: f65St0AxO6WPd9nGc4Tq1_SLq0k6MTUwNDE5ODEzMTA1NzQzMjU4Mg==
2017/08/31 17:56:36 [TRACE] Template: repo/settings/webhook/new
2017/08/31 17:56:37 [TRACE] Session ID: 8de41e66d96750d0
2017/08/31 17:56:37 [TRACE] CSRF Token: f65St0AxO6WPd9nGc4Tq1_SLq0k6MTUwNDE5ODEzMTA1NzQzMjU4Mg==
2017/08/31 17:56:37 [TRACE] DeliverHooks [repo_id: 1]
2017/08/31 17:56:38 [TRACE] Hook delivered: 5be67cf2-e636-4faf-811a-525ef217c3ac
2017/08/31 17:56:42 [TRACE] Session ID: 8de41e66d96750d0
2017/08/31 17:56:42 [TRACE] CSRF Token: f65St0AxO6WPd9nGc4Tq1_SLq0k6MTUwNDE5ODEzMTA1NzQzMjU4Mg==
2017/08/31 17:56:42 [TRACE] Template: repo/settings/webhook/new
2017/08/31 17:57:20 [TRACE] Session ID: 3cd8cecb015edcdf
2017/08/31 17:57:20 [TRACE] CSRF Token: jauT6yTsAothcBI0p0my3bF0ZDg6MTUwNDIwMjI0MDEzNjA4MDI2MQ==
2017/08/31 17:57:26 [TRACE] Doing: MirrorUpdate
2017/08/31 17:57:31 [TRACE] Session ID: 8de41e66d96750d0
2017/08/31 17:57:31 [TRACE] CSRF Token: f65St0AxO6WPd9nGc4Tq1_SLq0k6MTUwNDE5ODEzMTA1NzQzMjU4Mg==
2017/08/31 17:57:31 [TRACE] Template: repo/home
2017/08/31 17:57:49 [TRACE] Session ID: 8de41e66d96750d0
2017/08/31 17:57:49 [TRACE] CSRF Token: f65St0AxO6WPd9nGc4Tq1_SLq0k6MTUwNDE5ODEzMTA1NzQzMjU4Mg==
2017/08/31 17:57:49 [TRACE] Template: repo/settings/options
2017/08/31 17:57:51 [TRACE] Session ID: 8de41e66d96750d0
2017/08/31 17:57:51 [TRACE] CSRF Token: f65St0AxO6WPd9nGc4Tq1_SLq0k6MTUwNDE5ODEzMTA1NzQzMjU4Mg==
2017/08/31 17:57:51 [TRACE] Template: repo/settings/webhook/base
2017/08/31 17:57:54 [TRACE] Session ID: 8de41e66d96750d0
2017/08/31 17:57:54 [TRACE] CSRF Token: f65St0AxO6WPd9nGc4Tq1_SLq0k6MTUwNDE5ODEzMTA1NzQzMjU4Mg==
2017/08/31 17:57:54 [TRACE] Template: repo/settings/webhook/new
2017/08/31 18:29:41 [TRACE] Session ID: 8de41e66d96750d0
2017/08/31 18:29:41 [TRACE] CSRF Token: f65St0AxO6WPd9nGc4Tq1_SLq0k6MTUwNDE5ODEzMTA1NzQzMjU4Mg==
2017/08/31 18:29:41 [TRACE] Doing: MirrorUpdate
2017/08/31 18:29:41 [TRACE] Session ID: 8de41e66d96750d0
2017/08/31 18:29:41 [TRACE] CSRF Token: f65St0AxO6WPd9nGc4Tq1_SLq0k6MTUwNDE5ODEzMTA1NzQzMjU4Mg==
2017/08/31 18:29:41 [TRACE] Session ID: 8de41e66d96750d0
2017/08/31 18:29:41 [TRACE] CSRF Token: f65St0AxO6WPd9nGc4Tq1_SLq0k6MTUwNDE5ODEzMTA1NzQzMjU4Mg==
2017/08/31 18:29:41 [TRACE] Session ID: 8de41e66d96750d0
2017/08/31 18:29:41 [TRACE] CSRF Token: f65St0AxO6WPd9nGc4Tq1_SLq0k6MTUwNDE5ODEzMTA1NzQzMjU4Mg==
2017/08/31 18:29:41 [TRACE] Session ID: 8de41e66d96750d0
2017/08/31 18:29:41 [TRACE] CSRF Token: f65St0AxO6WPd9nGc4Tq1_SLq0k6MTUwNDE5ODEzMTA1NzQzMjU4Mg==
2017/08/31 18:29:42 [TRACE] Template: repo/settings/options
2017/08/31 18:29:42 [TRACE] Template: repo/settings/options
2017/08/31 18:29:42 [TRACE] Template: repo/settings/options
2017/08/31 18:29:43 [TRACE] Session ID: 8de41e66d96750d0
2017/08/31 18:29:43 [TRACE] CSRF Token: f65St0AxO6WPd9nGc4Tq1_SLq0k6MTUwNDE5ODEzMTA1NzQzMjU4Mg==
2017/08/31 18:29:50 [TRACE] Log Mode: File (Trace)
2017/08/31 18:29:50 [ INFO] Gogs 0.11.29.0727
2017/08/31 18:29:50 [ INFO] Cache Service Enabled
2017/08/31 18:29:50 [ INFO] Session Service Enabled
2017/08/31 18:29:50 [ INFO] Git Version: 2.11.3
2017/08/31 18:29:50 [ INFO] SQLite3 Supported
2017/08/31 18:29:50 [ INFO] Run Mode: Production
2017/08/31 18:29:50 [TRACE] Doing: CheckRepoStats
2017/08/31 18:29:50 [ INFO] Listen: http://0.0.0.0:3000
2017/08/31 18:29:51 [TRACE] Session ID: 912b2cc133c470a3
2017/08/31 18:29:51 [TRACE] CSRF Token: ZvMuzr-kpHSQGu-fDfaE2iHceV46MTUwNDIwNDE5MTAxMzQyNTcxNA==
2017/08/31 18:30:53 [TRACE] Session ID: 912b2cc133c470a3
2017/08/31 18:30:53 [TRACE] CSRF Token: ZvMuzr-kpHSQGu-fDfaE2iHceV46MTUwNDIwNDE5MTAxMzQyNTcxNA==
2017/08/31 18:30:53 [TRACE] Session ID: 912b2cc133c470a3
2017/08/31 18:30:53 [TRACE] CSRF Token: ZvMuzr-kpHSQGu-fDfaE2iHceV46MTUwNDIwNDE5MTAxMzQyNTcxNA==
2017/08/31 18:30:53 [TRACE] Template: user/auth/login
2017/08/31 18:30:57 [TRACE] Session ID: 912b2cc133c470a3
2017/08/31 18:30:57 [TRACE] CSRF Token: ZvMuzr-kpHSQGu-fDfaE2iHceV46MTUwNDIwNDE5MTAxMzQyNTcxNA==
2017/08/31 18:30:57 [TRACE] Session ID: 912b2cc133c470a3
2017/08/31 18:30:57 [TRACE] CSRF Token: FX6wbuNDCbQiYL9ArHIkuvYN0-I6MTUwNDIwNDI1NzE5NTY2MTE4NQ==
2017/08/31 18:30:57 [TRACE] Template: user/dashboard/dashboard
2017/08/31 18:31:01 [TRACE] Session ID: 912b2cc133c470a3
2017/08/31 18:31:01 [TRACE] CSRF Token: FX6wbuNDCbQiYL9ArHIkuvYN0-I6MTUwNDIwNDI1NzE5NTY2MTE4NQ==
2017/08/31 18:31:01 [TRACE] Template: repo/home
2017/08/31 18:31:03 [TRACE] Session ID: 912b2cc133c470a3
2017/08/31 18:31:03 [TRACE] CSRF Token: FX6wbuNDCbQiYL9ArHIkuvYN0-I6MTUwNDIwNDI1NzE5NTY2MTE4NQ==
2017/08/31 18:31:03 [TRACE] Template: repo/settings/options
2017/08/31 18:31:21 [TRACE] Session ID: 912b2cc133c470a3
2017/08/31 18:31:21 [TRACE] CSRF Token: FX6wbuNDCbQiYL9ArHIkuvYN0-I6MTUwNDIwNDI1NzE5NTY2MTE4NQ==
2017/08/31 18:31:21 [TRACE] Repository advanced settings updated: demo/docker-demo
2017/08/31 18:31:21 [TRACE] Session ID: 912b2cc133c470a3
2017/08/31 18:31:21 [TRACE] CSRF Token: FX6wbuNDCbQiYL9ArHIkuvYN0-I6MTUwNDIwNDI1NzE5NTY2MTE4NQ==
2017/08/31 18:31:21 [TRACE] Template: repo/settings/options
2017/08/31 18:31:31 [TRACE] Session ID: 912b2cc133c470a3
2017/08/31 18:31:31 [TRACE] CSRF Token: FX6wbuNDCbQiYL9ArHIkuvYN0-I6MTUwNDIwNDI1NzE5NTY2MTE4NQ==
2017/08/31 18:31:31 [TRACE] Repository deleted: demo/docker-demo
2017/08/31 18:31:31 [TRACE] Session ID: 912b2cc133c470a3
2017/08/31 18:31:31 [TRACE] CSRF Token: FX6wbuNDCbQiYL9ArHIkuvYN0-I6MTUwNDIwNDI1NzE5NTY2MTE4NQ==
2017/08/31 18:31:31 [TRACE] Template: user/dashboard/dashboard
2017/08/31 18:31:51 [TRACE] Session ID: 912b2cc133c470a3
2017/08/31 18:31:51 [TRACE] CSRF Token: FX6wbuNDCbQiYL9ArHIkuvYN0-I6MTUwNDIwNDI1NzE5NTY2MTE4NQ==
2017/08/31 18:31:51 [TRACE] Template: repo/create
2017/08/31 18:31:59 [TRACE] Session ID: 912b2cc133c470a3
2017/08/31 18:31:59 [TRACE] CSRF Token: FX6wbuNDCbQiYL9ArHIkuvYN0-I6MTUwNDIwNDI1NzE5NTY2MTE4NQ==
2017/08/31 18:31:59 [TRACE] Repository created [2]: demo/docker-demo
2017/08/31 18:31:59 [TRACE] Session ID: 912b2cc133c470a3
2017/08/31 18:31:59 [TRACE] CSRF Token: FX6wbuNDCbQiYL9ArHIkuvYN0-I6MTUwNDIwNDI1NzE5NTY2MTE4NQ==
2017/08/31 18:31:59 [TRACE] Template: repo/bare
2017/08/31 18:32:01 [TRACE] Session ID: 912b2cc133c470a3
2017/08/31 18:32:01 [TRACE] CSRF Token: FX6wbuNDCbQiYL9ArHIkuvYN0-I6MTUwNDIwNDI1NzE5NTY2MTE4NQ==
2017/08/31 18:32:01 [TRACE] Template: repo/settings/options
2017/08/31 18:32:03 [TRACE] Session ID: 912b2cc133c470a3
2017/08/31 18:32:03 [TRACE] CSRF Token: FX6wbuNDCbQiYL9ArHIkuvYN0-I6MTUwNDIwNDI1NzE5NTY2MTE4NQ==
2017/08/31 18:32:03 [TRACE] Template: repo/settings/webhook/base
2017/08/31 18:32:05 [TRACE] Session ID: 912b2cc133c470a3
2017/08/31 18:32:05 [TRACE] CSRF Token: FX6wbuNDCbQiYL9ArHIkuvYN0-I6MTUwNDIwNDI1NzE5NTY2MTE4NQ==
2017/08/31 18:32:05 [TRACE] Template: repo/settings/webhook/new
2017/08/31 18:32:15 [TRACE] Session ID: 912b2cc133c470a3
2017/08/31 18:32:15 [TRACE] CSRF Token: FX6wbuNDCbQiYL9ArHIkuvYN0-I6MTUwNDIwNDI1NzE5NTY2MTE4NQ==
2017/08/31 18:32:15 [TRACE] Session ID: 912b2cc133c470a3
2017/08/31 18:32:15 [TRACE] CSRF Token: FX6wbuNDCbQiYL9ArHIkuvYN0-I6MTUwNDIwNDI1NzE5NTY2MTE4NQ==
2017/08/31 18:32:15 [TRACE] Template: repo/settings/webhook/base
2017/08/31 18:32:48 [TRACE] Session ID: 912b2cc133c470a3
2017/08/31 18:32:48 [TRACE] CSRF Token: FX6wbuNDCbQiYL9ArHIkuvYN0-I6MTUwNDIwNDI1NzE5NTY2MTE4NQ==
2017/08/31 18:32:48 [TRACE] Template: repo/bare
